<?xml version="1.0" encoding="UTF-8"?>
<!-- Generated by org.testng.reporters.JUnitReportReporter -->
<testsuite hostname="Igors-MacBook-Pro.local" failures="0" tests="2" name="IgorsEclipseProjects.Appium.IOSBasics" time="95.599" errors="1" timestamp="2022-11-23T13:22:47 IST" skipped="1">
  <testcase classname="IgorsEclipseProjects.Appium.IOSBasics" name="ConfigureAppium" time="95.599">
    <error message="Could not start a new session. Response code 500. Message: An unknown server-side error occurred while processing the command. Original error: Unable to launch WebDriverAgent because of xcodebuild failure: xcodebuild failed with code 65
xcodebuild error message:

Build info: version: &#039;4.4.0&#039;, revision: &#039;e5c75ed026a&#039;
System info: host: &#039;Igors-MacBook-Pro.local&#039;, ip: &#039;2a00:7c40:c1a0:163:6872:4454:f71d:8011%en0&#039;, os.name: &#039;Mac OS X&#039;, os.arch: &#039;x86_64&#039;, os.version: &#039;13.0.1&#039;, java.version: &#039;17.0.4&#039;
Driver info: io.appium.java_client.ios.IOSDriver
Command: [null, newSession {capabilities=[{appium:wdaStartupRetryInterval=20000, appium:wdaLaunchTimeout=20000, appium:iosInstallPause=8000, appium:deviceName=iPhone 11 Pro, platformName=IOS, appium:automationName=XCuiTest, appium:app=/Users/igorvainman/Library/Developer/Xcode/DerivedData/UIKitCatalog-amuvykzsrdagogemogptehnremzv/Build/Products/Debug-iphonesimulator/UIKitCatalog.app, appium:platformVersion=16.1, appium:wdaStartupRetries=4}], desiredCapabilities=Capabilities {appium:app: /Users/igorvainman/Library/..., appium:automationName: XCuiTest, appium:deviceName: iPhone 11 Pro, appium:iosInstallPause: 8000, appium:platformVersion: 16.1, appium:wdaLaunchTimeout: 20000, appium:wdaStartupRetries: 4, appium:wdaStartupRetryInterval: 20000, platformName: IOS}}]
Capabilities {}" type="org.openqa.selenium.SessionNotCreatedException">
      <![CDATA[org.openqa.selenium.SessionNotCreatedException: Could not start a new session. Response code 500. Message: An unknown server-side error occurred while processing the command. Original error: Unable to launch WebDriverAgent because of xcodebuild failure: xcodebuild failed with code 65
xcodebuild error message:

Build info: version: '4.4.0', revision: 'e5c75ed026a'
System info: host: 'Igors-MacBook-Pro.local', ip: '2a00:7c40:c1a0:163:6872:4454:f71d:8011%en0', os.name: 'Mac OS X', os.arch: 'x86_64', os.version: '13.0.1', java.version: '17.0.4'
Driver info: io.appium.java_client.ios.IOSDriver
Command: [null, newSession {capabilities=[{appium:wdaStartupRetryInterval=20000, appium:wdaLaunchTimeout=20000, appium:iosInstallPause=8000, appium:deviceName=iPhone 11 Pro, platformName=IOS, appium:automationName=XCuiTest, appium:app=/Users/igorvainman/Library/Developer/Xcode/DerivedData/UIKitCatalog-amuvykzsrdagogemogptehnremzv/Build/Products/Debug-iphonesimulator/UIKitCatalog.app, appium:platformVersion=16.1, appium:wdaStartupRetries=4}], desiredCapabilities=Capabilities {appium:app: /Users/igorvainman/Library/..., appium:automationName: XCuiTest, appium:deviceName: iPhone 11 Pro, appium:iosInstallPause: 8000, appium:platformVersion: 16.1, appium:wdaLaunchTimeout: 20000, appium:wdaStartupRetries: 4, appium:wdaStartupRetryInterval: 20000, platformName: IOS}}]
Capabilities {}
at org.openqa.selenium.remote.ProtocolHandshake.createSession(ProtocolHandshake.java:144)
at java.base/jdk.internal.reflect.NativeMethodAccessorImpl.invoke0(Native Method)
at java.base/jdk.internal.reflect.NativeMethodAccessorImpl.invoke(NativeMethodAccessorImpl.java:77)
at java.base/jdk.internal.reflect.DelegatingMethodAccessorImpl.invoke(DelegatingMethodAccessorImpl.java:43)
at java.base/java.lang.reflect.Method.invoke(Method.java:568)
at io.appium.java_client.remote.AppiumProtocolHandshake.createSession(AppiumProtocolHandshake.java:126)
at io.appium.java_client.remote.AppiumProtocolHandshake.createSession(AppiumProtocolHandshake.java:102)
at io.appium.java_client.remote.AppiumCommandExecutor.createSession(AppiumCommandExecutor.java:146)
at io.appium.java_client.remote.AppiumCommandExecutor.execute(AppiumCommandExecutor.java:180)
at org.openqa.selenium.remote.RemoteWebDriver.execute(RemoteWebDriver.java:547)
at io.appium.java_client.AppiumDriver.startSession(AppiumDriver.java:224)
at org.openqa.selenium.remote.RemoteWebDriver.<init>(RemoteWebDriver.java:157)
at io.appium.java_client.AppiumDriver.<init>(AppiumDriver.java:79)
at io.appium.java_client.AppiumDriver.<init>(AppiumDriver.java:87)
at io.appium.java_client.ios.IOSDriver.<init>(IOSDriver.java:105)
at IgorsEclipseProjects.Appium.IOSBase.ConfigureAppium(IOSBase.java:53)
at java.base/jdk.internal.reflect.NativeMethodAccessorImpl.invoke0(Native Method)
at java.base/jdk.internal.reflect.NativeMethodAccessorImpl.invoke(NativeMethodAccessorImpl.java:77)
at java.base/jdk.internal.reflect.DelegatingMethodAccessorImpl.invoke(DelegatingMethodAccessorImpl.java:43)
at java.base/java.lang.reflect.Method.invoke(Method.java:568)
at org.testng.internal.MethodInvocationHelper.invokeMethod(MethodInvocationHelper.java:133)
at org.testng.internal.MethodInvocationHelper.invokeMethodConsideringTimeout(MethodInvocationHelper.java:62)
at org.testng.internal.ConfigInvoker.invokeConfigurationMethod(ConfigInvoker.java:385)
at org.testng.internal.ConfigInvoker.invokeConfigurations(ConfigInvoker.java:321)
at org.testng.internal.TestMethodWorker.invokeBeforeClassMethods(TestMethodWorker.java:176)
at org.testng.internal.TestMethodWorker.run(TestMethodWorker.java:122)
at java.base/java.util.ArrayList.forEach(ArrayList.java:1511)
at org.testng.TestRunner.privateRun(TestRunner.java:794)
at org.testng.TestRunner.run(TestRunner.java:596)
at org.testng.SuiteRunner.runTest(SuiteRunner.java:377)
at org.testng.SuiteRunner.runSequentially(SuiteRunner.java:371)
at org.testng.SuiteRunner.privateRun(SuiteRunner.java:332)
at org.testng.SuiteRunner.run(SuiteRunner.java:276)
at org.testng.SuiteRunnerWorker.runSuite(SuiteRunnerWorker.java:53)
at org.testng.SuiteRunnerWorker.run(SuiteRunnerWorker.java:96)
at org.testng.TestNG.runSuitesSequentially(TestNG.java:1212)
at org.testng.TestNG.runSuitesLocally(TestNG.java:1134)
at org.testng.TestNG.runSuites(TestNG.java:1063)
at org.testng.TestNG.run(TestNG.java:1031)
at org.testng.remote.AbstractRemoteTestNG.run(AbstractRemoteTestNG.java:115)
at org.testng.remote.RemoteTestNG.initAndRun(RemoteTestNG.java:251)
at org.testng.remote.RemoteTestNG.main(RemoteTestNG.java:77)
]]>
    </error>
  </testcase> <!-- ConfigureAppium -->
  <system-out/>
  <testcase classname="IgorsEclipseProjects.Appium.IOSBasics" name="IOSBasicsTests" time="0.000">
    <skipped/>
  </testcase> <!-- IOSBasicsTests -->
  <system-out/>
</testsuite> <!-- IgorsEclipseProjects.Appium.IOSBasics -->
